This file contains any messages produced by compilers while
running configure, to aid debugging if configure makes a mistake.

It was created by letrain configure 4.0, which was
generated by GNU Autoconf 2.65.  Invocation command line was

  $ ./configure 

## --------- ##
## Platform. ##
## --------- ##

hostname = onaru.escueladeprogramadores.com
uname -m = i686
uname -r = 2.6.32-39-generic
uname -s = Linux
uname -v = #86-Ubuntu SMP Mon Feb 13 21:47:32 UTC 2012

/usr/bin/uname -p = unknown
/bin/uname -X     = unknown

/bin/arch              = unknown
/usr/bin/arch -k       = unknown
/usr/convex/getsysinfo = unknown
/usr/bin/hostinfo      = unknown
/bin/machine           = unknown
/usr/bin/oslevel       = unknown
/bin/universe          = unknown

PATH: /home/to/go//bin
PATH: ./bin
PATH: /usr/local/sbin
PATH: /usr/local/bin
PATH: /usr/sbin
PATH: /usr/bin
PATH: /sbin
PATH: /bin
PATH: /usr/games


## ----------- ##
## Core tests. ##
## ----------- ##

configure:2249: checking for a BSD-compatible install
configure:2317: result: /usr/bin/install -c
configure:2328: checking whether build environment is sane
configure:2378: result: yes
configure:2519: checking for a thread-safe mkdir -p
configure:2558: result: /bin/mkdir -p
configure:2571: checking for gawk
configure:2587: found /usr/bin/gawk
configure:2598: result: gawk
configure:2609: checking whether make sets $(MAKE)
configure:2631: result: yes
configure:2774: checking for g++
configure:2790: found /usr/local/bin/g++
configure:2801: result: g++
configure:2828: checking for C++ compiler version
configure:2837: g++ --version >&5
g++ (GCC) 4.6.2
Copyright (C) 2011 Free Software Foundation, Inc.
This is free software; see the source for copying conditions.  There is NO
warranty; not even for MERCHANTABILITY or FITNESS FOR A PARTICULAR PURPOSE.

configure:2848: $? = 0
configure:2837: g++ -v >&5
Using built-in specs.
COLLECT_GCC=g++
COLLECT_LTO_WRAPPER=/usr/local/libexec/gcc/i686-pc-linux-gnu/4.6.2/lto-wrapper
Target: i686-pc-linux-gnu
Configured with: ./configure
Thread model: posix
gcc version 4.6.2 (GCC) 
configure:2848: $? = 0
configure:2837: g++ -V >&5
g++: error: unrecognized option '-V'
g++: fatal error: no input files
compilation terminated.
configure:2848: $? = 1
configure:2837: g++ -qversion >&5
g++: error: unrecognized option '-qversion'
g++: fatal error: no input files
compilation terminated.
configure:2848: $? = 1
configure:2868: checking whether the C++ compiler works
configure:2890: g++    conftest.cpp  >&5
configure:2894: $? = 0
configure:2943: result: yes
configure:2946: checking for C++ compiler default output file name
configure:2948: result: a.out
configure:2954: checking for suffix of executables
configure:2961: g++ -o conftest    conftest.cpp  >&5
configure:2965: $? = 0
configure:2987: result: 
configure:3009: checking whether we are cross compiling
configure:3017: g++ -o conftest    conftest.cpp  >&5
configure:3021: $? = 0
configure:3028: ./conftest
configure:3032: $? = 0
configure:3047: result: no
configure:3052: checking for suffix of object files
configure:3074: g++ -c   conftest.cpp >&5
configure:3078: $? = 0
configure:3099: result: o
configure:3103: checking whether we are using the GNU C++ compiler
configure:3122: g++ -c   conftest.cpp >&5
configure:3122: $? = 0
configure:3131: result: yes
configure:3140: checking whether g++ accepts -g
configure:3160: g++ -c -g  conftest.cpp >&5
configure:3160: $? = 0
configure:3201: result: yes
configure:3235: checking for style of include used by make
configure:3263: result: GNU
configure:3288: checking dependency style of g++
configure:3398: result: gcc3
configure:3461: checking for gcc
configure:3477: found /usr/local/bin/gcc
configure:3488: result: gcc
configure:3717: checking for C compiler version
configure:3726: gcc --version >&5
gcc (GCC) 4.6.2
Copyright (C) 2011 Free Software Foundation, Inc.
This is free software; see the source for copying conditions.  There is NO
warranty; not even for MERCHANTABILITY or FITNESS FOR A PARTICULAR PURPOSE.

configure:3737: $? = 0
configure:3726: gcc -v >&5
Using built-in specs.
COLLECT_GCC=gcc
COLLECT_LTO_WRAPPER=/usr/local/libexec/gcc/i686-pc-linux-gnu/4.6.2/lto-wrapper
Target: i686-pc-linux-gnu
Configured with: ./configure
Thread model: posix
gcc version 4.6.2 (GCC) 
configure:3737: $? = 0
configure:3726: gcc -V >&5
gcc: error: unrecognized option '-V'
gcc: fatal error: no input files
compilation terminated.
configure:3737: $? = 1
configure:3726: gcc -qversion >&5
gcc: error: unrecognized option '-qversion'
gcc: fatal error: no input files
compilation terminated.
configure:3737: $? = 1
configure:3741: checking whether we are using the GNU C compiler
configure:3760: gcc -c   conftest.c >&5
configure:3760: $? = 0
configure:3769: result: yes
configure:3778: checking whether gcc accepts -g
configure:3798: gcc -c -g  conftest.c >&5
configure:3798: $? = 0
configure:3839: result: yes
configure:3856: checking for gcc option to accept ISO C89
configure:3920: gcc  -c -g -O2  conftest.c >&5
configure:3920: $? = 0
configure:3933: result: none needed
configure:3955: checking dependency style of gcc
configure:4065: result: gcc3
configure:4090: checking how to run the C preprocessor
configure:4121: gcc -E  conftest.c
configure:4121: $? = 0
configure:4135: gcc -E  conftest.c
conftest.c:11:28: fatal error: ac_nonexistent.h: No such file or directory
compilation terminated.
configure:4135: $? = 1
configure: failed program was:
| /* confdefs.h */
| #define PACKAGE_NAME "letrain"
| #define PACKAGE_TARNAME "letrain"
| #define PACKAGE_VERSION "4.0"
| #define PACKAGE_STRING "letrain 4.0"
| #define PACKAGE_BUGREPORT "antoniovazquezaraujo@gmail.com"
| #define PACKAGE_URL ""
| #define PACKAGE "letrain"
| #define VERSION "4.0"
| /* end confdefs.h.  */
| #include <ac_nonexistent.h>
configure:4160: result: gcc -E
configure:4180: gcc -E  conftest.c
configure:4180: $? = 0
configure:4194: gcc -E  conftest.c
conftest.c:11:28: fatal error: ac_nonexistent.h: No such file or directory
compilation terminated.
configure:4194: $? = 1
configure: failed program was:
| /* confdefs.h */
| #define PACKAGE_NAME "letrain"
| #define PACKAGE_TARNAME "letrain"
| #define PACKAGE_VERSION "4.0"
| #define PACKAGE_STRING "letrain 4.0"
| #define PACKAGE_BUGREPORT "antoniovazquezaraujo@gmail.com"
| #define PACKAGE_URL ""
| #define PACKAGE "letrain"
| #define VERSION "4.0"
| /* end confdefs.h.  */
| #include <ac_nonexistent.h>
configure:4223: checking for grep that handles long lines and -e
configure:4281: result: /bin/grep
configure:4286: checking for egrep
configure:4348: result: /bin/grep -E
configure:4353: checking for ANSI C header files
configure:4373: gcc -c -g -O2  conftest.c >&5
configure:4373: $? = 0
configure:4446: gcc -o conftest -g -O2   conftest.c  >&5
configure:4446: $? = 0
configure:4446: ./conftest
configure:4446: $? = 0
configure:4457: result: yes
configure:4470: checking for sys/types.h
configure:4470: gcc -c -g -O2  conftest.c >&5
configure:4470: $? = 0
configure:4470: result: yes
configure:4470: checking for sys/stat.h
configure:4470: gcc -c -g -O2  conftest.c >&5
configure:4470: $? = 0
configure:4470: result: yes
configure:4470: checking for stdlib.h
configure:4470: gcc -c -g -O2  conftest.c >&5
configure:4470: $? = 0
configure:4470: result: yes
configure:4470: checking for string.h
configure:4470: gcc -c -g -O2  conftest.c >&5
configure:4470: $? = 0
configure:4470: result: yes
configure:4470: checking for memory.h
configure:4470: gcc -c -g -O2  conftest.c >&5
configure:4470: $? = 0
configure:4470: result: yes
configure:4470: checking for strings.h
configure:4470: gcc -c -g -O2  conftest.c >&5
configure:4470: $? = 0
configure:4470: result: yes
configure:4470: checking for inttypes.h
configure:4470: gcc -c -g -O2  conftest.c >&5
configure:4470: $? = 0
configure:4470: result: yes
configure:4470: checking for stdint.h
configure:4470: gcc -c -g -O2  conftest.c >&5
configure:4470: $? = 0
configure:4470: result: yes
configure:4470: checking for unistd.h
configure:4470: gcc -c -g -O2  conftest.c >&5
configure:4470: $? = 0
configure:4470: result: yes
configure:4486: checking for stdlib.h
configure:4486: result: yes
configure:4486: checking for string.h
configure:4486: result: yes
configure:4486: checking sys/time.h usability
configure:4486: gcc -c -g -O2  conftest.c >&5
configure:4486: $? = 0
configure:4486: result: yes
configure:4486: checking sys/time.h presence
configure:4486: gcc -E  conftest.c
configure:4486: $? = 0
configure:4486: result: yes
configure:4486: checking for sys/time.h
configure:4486: result: yes
configure:4486: checking for unistd.h
configure:4486: result: yes
configure:4486: checking boost/spirit/core.hpp usability
configure:4486: gcc -c -g -O2  conftest.c >&5
In file included from conftest.c:58:0:
/usr/local/include/boost/spirit/core.hpp:18:4: warning: #warning "This header is deprecated. Please use: boost/spirit/include/classic_core.hpp" [-Wcpp]
In file included from /usr/local/include/boost/config.hpp:40:0,
                 from /usr/local/include/boost/spirit/home/classic/core/config.hpp:11,
                 from /usr/local/include/boost/spirit/home/classic/core.hpp:26,
                 from /usr/local/include/boost/spirit/include/classic_core.hpp:11,
                 from /usr/local/include/boost/spirit/core.hpp:25,
                 from conftest.c:58:
/usr/local/include/boost/config/select_stdlib_config.hpp:17:19: fatal error: cstddef: No such file or directory
compilation terminated.
configure:4486: $? = 1
configure: failed program was:
| /* confdefs.h */
| #define PACKAGE_NAME "letrain"
| #define PACKAGE_TARNAME "letrain"
| #define PACKAGE_VERSION "4.0"
| #define PACKAGE_STRING "letrain 4.0"
| #define PACKAGE_BUGREPORT "antoniovazquezaraujo@gmail.com"
| #define PACKAGE_URL ""
| #define PACKAGE "letrain"
| #define VERSION "4.0"
| #define STDC_HEADERS 1
| #define HAVE_SYS_TYPES_H 1
| #define HAVE_SYS_STAT_H 1
| #define HAVE_STDLIB_H 1
| #define HAVE_STRING_H 1
| #define HAVE_MEMORY_H 1
| #define HAVE_STRINGS_H 1
| #define HAVE_INTTYPES_H 1
| #define HAVE_STDINT_H 1
| #define HAVE_UNISTD_H 1
| #define HAVE_STDLIB_H 1
| #define HAVE_STRING_H 1
| #define HAVE_SYS_TIME_H 1
| #define HAVE_UNISTD_H 1
| /* end confdefs.h.  */
| #include <stdio.h>
| #ifdef HAVE_SYS_TYPES_H
| # include <sys/types.h>
| #endif
| #ifdef HAVE_SYS_STAT_H
| # include <sys/stat.h>
| #endif
| #ifdef STDC_HEADERS
| # include <stdlib.h>
| # include <stddef.h>
| #else
| # ifdef HAVE_STDLIB_H
| #  include <stdlib.h>
| # endif
| #endif
| #ifdef HAVE_STRING_H
| # if !defined STDC_HEADERS && defined HAVE_MEMORY_H
| #  include <memory.h>
| # endif
| # include <string.h>
| #endif
| #ifdef HAVE_STRINGS_H
| # include <strings.h>
| #endif
| #ifdef HAVE_INTTYPES_H
| # include <inttypes.h>
| #endif
| #ifdef HAVE_STDINT_H
| # include <stdint.h>
| #endif
| #ifdef HAVE_UNISTD_H
| # include <unistd.h>
| #endif
| #include <boost/spirit/core.hpp>
configure:4486: result: no
configure:4486: checking boost/spirit/core.hpp presence
configure:4486: gcc -E  conftest.c
In file included from conftest.c:25:0:
/usr/local/include/boost/spirit/core.hpp:18:4: warning: #warning "This header is deprecated. Please use: boost/spirit/include/classic_core.hpp" [-Wcpp]
In file included from /usr/local/include/boost/config.hpp:40:0,
                 from /usr/local/include/boost/spirit/home/classic/core/config.hpp:11,
                 from /usr/local/include/boost/spirit/home/classic/core.hpp:26,
                 from /usr/local/include/boost/spirit/include/classic_core.hpp:11,
                 from /usr/local/include/boost/spirit/core.hpp:25,
                 from conftest.c:25:
/usr/local/include/boost/config/select_stdlib_config.hpp:17:19: fatal error: cstddef: No such file or directory
compilation terminated.
configure:4486: $? = 1
configure: failed program was:
| /* confdefs.h */
| #define PACKAGE_NAME "letrain"
| #define PACKAGE_TARNAME "letrain"
| #define PACKAGE_VERSION "4.0"
| #define PACKAGE_STRING "letrain 4.0"
| #define PACKAGE_BUGREPORT "antoniovazquezaraujo@gmail.com"
| #define PACKAGE_URL ""
| #define PACKAGE "letrain"
| #define VERSION "4.0"
| #define STDC_HEADERS 1
| #define HAVE_SYS_TYPES_H 1
| #define HAVE_SYS_STAT_H 1
| #define HAVE_STDLIB_H 1
| #define HAVE_STRING_H 1
| #define HAVE_MEMORY_H 1
| #define HAVE_STRINGS_H 1
| #define HAVE_INTTYPES_H 1
| #define HAVE_STDINT_H 1
| #define HAVE_UNISTD_H 1
| #define HAVE_STDLIB_H 1
| #define HAVE_STRING_H 1
| #define HAVE_SYS_TIME_H 1
| #define HAVE_UNISTD_H 1
| /* end confdefs.h.  */
| #include <boost/spirit/core.hpp>
configure:4486: result: no
configure:4486: checking for boost/spirit/core.hpp
configure:4486: result: no
configure:4486: checking boost/spirit/utility/confix.hpp usability
configure:4486: gcc -c -g -O2  conftest.c >&5
In file included from conftest.c:58:0:
/usr/local/include/boost/spirit/utility/confix.hpp:18:4: warning: #warning "This header is deprecated. Please use: boost/spirit/include/classic_confix.hpp" [-Wcpp]
In file included from /usr/local/include/boost/config.hpp:40:0,
                 from /usr/local/include/boost/spirit/home/classic/utility/confix.hpp:12,
                 from /usr/local/include/boost/spirit/include/classic_confix.hpp:11,
                 from /usr/local/include/boost/spirit/utility/confix.hpp:25,
                 from conftest.c:58:
/usr/local/include/boost/config/select_stdlib_config.hpp:17:19: fatal error: cstddef: No such file or directory
compilation terminated.
configure:4486: $? = 1
configure: failed program was:
| /* confdefs.h */
| #define PACKAGE_NAME "letrain"
| #define PACKAGE_TARNAME "letrain"
| #define PACKAGE_VERSION "4.0"
| #define PACKAGE_STRING "letrain 4.0"
| #define PACKAGE_BUGREPORT "antoniovazquezaraujo@gmail.com"
| #define PACKAGE_URL ""
| #define PACKAGE "letrain"
| #define VERSION "4.0"
| #define STDC_HEADERS 1
| #define HAVE_SYS_TYPES_H 1
| #define HAVE_SYS_STAT_H 1
| #define HAVE_STDLIB_H 1
| #define HAVE_STRING_H 1
| #define HAVE_MEMORY_H 1
| #define HAVE_STRINGS_H 1
| #define HAVE_INTTYPES_H 1
| #define HAVE_STDINT_H 1
| #define HAVE_UNISTD_H 1
| #define HAVE_STDLIB_H 1
| #define HAVE_STRING_H 1
| #define HAVE_SYS_TIME_H 1
| #define HAVE_UNISTD_H 1
| /* end confdefs.h.  */
| #include <stdio.h>
| #ifdef HAVE_SYS_TYPES_H
| # include <sys/types.h>
| #endif
| #ifdef HAVE_SYS_STAT_H
| # include <sys/stat.h>
| #endif
| #ifdef STDC_HEADERS
| # include <stdlib.h>
| # include <stddef.h>
| #else
| # ifdef HAVE_STDLIB_H
| #  include <stdlib.h>
| # endif
| #endif
| #ifdef HAVE_STRING_H
| # if !defined STDC_HEADERS && defined HAVE_MEMORY_H
| #  include <memory.h>
| # endif
| # include <string.h>
| #endif
| #ifdef HAVE_STRINGS_H
| # include <strings.h>
| #endif
| #ifdef HAVE_INTTYPES_H
| # include <inttypes.h>
| #endif
| #ifdef HAVE_STDINT_H
| # include <stdint.h>
| #endif
| #ifdef HAVE_UNISTD_H
| # include <unistd.h>
| #endif
| #include <boost/spirit/utility/confix.hpp>
configure:4486: result: no
configure:4486: checking boost/spirit/utility/confix.hpp presence
configure:4486: gcc -E  conftest.c
In file included from conftest.c:25:0:
/usr/local/include/boost/spirit/utility/confix.hpp:18:4: warning: #warning "This header is deprecated. Please use: boost/spirit/include/classic_confix.hpp" [-Wcpp]
In file included from /usr/local/include/boost/config.hpp:40:0,
                 from /usr/local/include/boost/spirit/home/classic/utility/confix.hpp:12,
                 from /usr/local/include/boost/spirit/include/classic_confix.hpp:11,
                 from /usr/local/include/boost/spirit/utility/confix.hpp:25,
                 from conftest.c:25:
/usr/local/include/boost/config/select_stdlib_config.hpp:17:19: fatal error: cstddef: No such file or directory
compilation terminated.
configure:4486: $? = 1
configure: failed program was:
| /* confdefs.h */
| #define PACKAGE_NAME "letrain"
| #define PACKAGE_TARNAME "letrain"
| #define PACKAGE_VERSION "4.0"
| #define PACKAGE_STRING "letrain 4.0"
| #define PACKAGE_BUGREPORT "antoniovazquezaraujo@gmail.com"
| #define PACKAGE_URL ""
| #define PACKAGE "letrain"
| #define VERSION "4.0"
| #define STDC_HEADERS 1
| #define HAVE_SYS_TYPES_H 1
| #define HAVE_SYS_STAT_H 1
| #define HAVE_STDLIB_H 1
| #define HAVE_STRING_H 1
| #define HAVE_MEMORY_H 1
| #define HAVE_STRINGS_H 1
| #define HAVE_INTTYPES_H 1
| #define HAVE_STDINT_H 1
| #define HAVE_UNISTD_H 1
| #define HAVE_STDLIB_H 1
| #define HAVE_STRING_H 1
| #define HAVE_SYS_TIME_H 1
| #define HAVE_UNISTD_H 1
| /* end confdefs.h.  */
| #include <boost/spirit/utility/confix.hpp>
configure:4486: result: no
configure:4486: checking for boost/spirit/utility/confix.hpp
configure:4486: result: no
configure:4486: checking boost/lambda/bind.hpp usability
configure:4486: gcc -c -g -O2  conftest.c >&5
In file included from /usr/local/include/boost/config.hpp:40:0,
                 from /usr/local/include/boost/mpl/aux_/config/msvc.hpp:19,
                 from /usr/local/include/boost/mpl/aux_/config/ttp.hpp:17,
                 from /usr/local/include/boost/mpl/aux_/config/lambda.hpp:17,
                 from /usr/local/include/boost/mpl/aux_/lambda_support.hpp:17,
                 from /usr/local/include/boost/type_traits/broken_compiler_spec.hpp:12,
                 from /usr/local/include/boost/type_traits/remove_reference.hpp:12,
                 from /usr/local/include/boost/type_traits/add_pointer.hpp:12,
                 from /usr/local/include/boost/type_traits/transform_traits.hpp:15,
                 from /usr/local/include/boost/lambda/core.hpp:25,
                 from /usr/local/include/boost/lambda/bind.hpp:15,
                 from conftest.c:58:
/usr/local/include/boost/config/select_stdlib_config.hpp:17:19: fatal error: cstddef: No such file or directory
compilation terminated.
configure:4486: $? = 1
configure: failed program was:
| /* confdefs.h */
| #define PACKAGE_NAME "letrain"
| #define PACKAGE_TARNAME "letrain"
| #define PACKAGE_VERSION "4.0"
| #define PACKAGE_STRING "letrain 4.0"
| #define PACKAGE_BUGREPORT "antoniovazquezaraujo@gmail.com"
| #define PACKAGE_URL ""
| #define PACKAGE "letrain"
| #define VERSION "4.0"
| #define STDC_HEADERS 1
| #define HAVE_SYS_TYPES_H 1
| #define HAVE_SYS_STAT_H 1
| #define HAVE_STDLIB_H 1
| #define HAVE_STRING_H 1
| #define HAVE_MEMORY_H 1
| #define HAVE_STRINGS_H 1
| #define HAVE_INTTYPES_H 1
| #define HAVE_STDINT_H 1
| #define HAVE_UNISTD_H 1
| #define HAVE_STDLIB_H 1
| #define HAVE_STRING_H 1
| #define HAVE_SYS_TIME_H 1
| #define HAVE_UNISTD_H 1
| /* end confdefs.h.  */
| #include <stdio.h>
| #ifdef HAVE_SYS_TYPES_H
| # include <sys/types.h>
| #endif
| #ifdef HAVE_SYS_STAT_H
| # include <sys/stat.h>
| #endif
| #ifdef STDC_HEADERS
| # include <stdlib.h>
| # include <stddef.h>
| #else
| # ifdef HAVE_STDLIB_H
| #  include <stdlib.h>
| # endif
| #endif
| #ifdef HAVE_STRING_H
| # if !defined STDC_HEADERS && defined HAVE_MEMORY_H
| #  include <memory.h>
| # endif
| # include <string.h>
| #endif
| #ifdef HAVE_STRINGS_H
| # include <strings.h>
| #endif
| #ifdef HAVE_INTTYPES_H
| # include <inttypes.h>
| #endif
| #ifdef HAVE_STDINT_H
| # include <stdint.h>
| #endif
| #ifdef HAVE_UNISTD_H
| # include <unistd.h>
| #endif
| #include <boost/lambda/bind.hpp>
configure:4486: result: no
configure:4486: checking boost/lambda/bind.hpp presence
configure:4486: gcc -E  conftest.c
In file included from /usr/local/include/boost/config.hpp:40:0,
                 from /usr/local/include/boost/mpl/aux_/config/msvc.hpp:19,
                 from /usr/local/include/boost/mpl/aux_/config/ttp.hpp:17,
                 from /usr/local/include/boost/mpl/aux_/config/lambda.hpp:17,
                 from /usr/local/include/boost/mpl/aux_/lambda_support.hpp:17,
                 from /usr/local/include/boost/type_traits/broken_compiler_spec.hpp:12,
                 from /usr/local/include/boost/type_traits/remove_reference.hpp:12,
                 from /usr/local/include/boost/type_traits/add_pointer.hpp:12,
                 from /usr/local/include/boost/type_traits/transform_traits.hpp:15,
                 from /usr/local/include/boost/lambda/core.hpp:25,
                 from /usr/local/include/boost/lambda/bind.hpp:15,
                 from conftest.c:25:
/usr/local/include/boost/config/select_stdlib_config.hpp:17:19: fatal error: cstddef: No such file or directory
compilation terminated.
configure:4486: $? = 1
configure: failed program was:
| /* confdefs.h */
| #define PACKAGE_NAME "letrain"
| #define PACKAGE_TARNAME "letrain"
| #define PACKAGE_VERSION "4.0"
| #define PACKAGE_STRING "letrain 4.0"
| #define PACKAGE_BUGREPORT "antoniovazquezaraujo@gmail.com"
| #define PACKAGE_URL ""
| #define PACKAGE "letrain"
| #define VERSION "4.0"
| #define STDC_HEADERS 1
| #define HAVE_SYS_TYPES_H 1
| #define HAVE_SYS_STAT_H 1
| #define HAVE_STDLIB_H 1
| #define HAVE_STRING_H 1
| #define HAVE_MEMORY_H 1
| #define HAVE_STRINGS_H 1
| #define HAVE_INTTYPES_H 1
| #define HAVE_STDINT_H 1
| #define HAVE_UNISTD_H 1
| #define HAVE_STDLIB_H 1
| #define HAVE_STRING_H 1
| #define HAVE_SYS_TIME_H 1
| #define HAVE_UNISTD_H 1
| /* end confdefs.h.  */
| #include <boost/lambda/bind.hpp>
configure:4486: result: no
configure:4486: checking for boost/lambda/bind.hpp
configure:4486: result: no
configure:4486: checking boost/lambda/lambda.hpp usability
configure:4486: gcc -c -g -O2  conftest.c >&5
In file included from /usr/local/include/boost/config.hpp:40:0,
                 from /usr/local/include/boost/mpl/aux_/config/msvc.hpp:19,
                 from /usr/local/include/boost/mpl/aux_/config/ttp.hpp:17,
                 from /usr/local/include/boost/mpl/aux_/config/lambda.hpp:17,
                 from /usr/local/include/boost/mpl/aux_/lambda_support.hpp:17,
                 from /usr/local/include/boost/type_traits/broken_compiler_spec.hpp:12,
                 from /usr/local/include/boost/type_traits/remove_reference.hpp:12,
                 from /usr/local/include/boost/type_traits/add_pointer.hpp:12,
                 from /usr/local/include/boost/type_traits/transform_traits.hpp:15,
                 from /usr/local/include/boost/lambda/core.hpp:25,
                 from /usr/local/include/boost/lambda/lambda.hpp:14,
                 from conftest.c:58:
/usr/local/include/boost/config/select_stdlib_config.hpp:17:19: fatal error: cstddef: No such file or directory
compilation terminated.
configure:4486: $? = 1
configure: failed program was:
| /* confdefs.h */
| #define PACKAGE_NAME "letrain"
| #define PACKAGE_TARNAME "letrain"
| #define PACKAGE_VERSION "4.0"
| #define PACKAGE_STRING "letrain 4.0"
| #define PACKAGE_BUGREPORT "antoniovazquezaraujo@gmail.com"
| #define PACKAGE_URL ""
| #define PACKAGE "letrain"
| #define VERSION "4.0"
| #define STDC_HEADERS 1
| #define HAVE_SYS_TYPES_H 1
| #define HAVE_SYS_STAT_H 1
| #define HAVE_STDLIB_H 1
| #define HAVE_STRING_H 1
| #define HAVE_MEMORY_H 1
| #define HAVE_STRINGS_H 1
| #define HAVE_INTTYPES_H 1
| #define HAVE_STDINT_H 1
| #define HAVE_UNISTD_H 1
| #define HAVE_STDLIB_H 1
| #define HAVE_STRING_H 1
| #define HAVE_SYS_TIME_H 1
| #define HAVE_UNISTD_H 1
| /* end confdefs.h.  */
| #include <stdio.h>
| #ifdef HAVE_SYS_TYPES_H
| # include <sys/types.h>
| #endif
| #ifdef HAVE_SYS_STAT_H
| # include <sys/stat.h>
| #endif
| #ifdef STDC_HEADERS
| # include <stdlib.h>
| # include <stddef.h>
| #else
| # ifdef HAVE_STDLIB_H
| #  include <stdlib.h>
| # endif
| #endif
| #ifdef HAVE_STRING_H
| # if !defined STDC_HEADERS && defined HAVE_MEMORY_H
| #  include <memory.h>
| # endif
| # include <string.h>
| #endif
| #ifdef HAVE_STRINGS_H
| # include <strings.h>
| #endif
| #ifdef HAVE_INTTYPES_H
| # include <inttypes.h>
| #endif
| #ifdef HAVE_STDINT_H
| # include <stdint.h>
| #endif
| #ifdef HAVE_UNISTD_H
| # include <unistd.h>
| #endif
| #include <boost/lambda/lambda.hpp>
configure:4486: result: no
configure:4486: checking boost/lambda/lambda.hpp presence
configure:4486: gcc -E  conftest.c
In file included from /usr/local/include/boost/config.hpp:40:0,
                 from /usr/local/include/boost/mpl/aux_/config/msvc.hpp:19,
                 from /usr/local/include/boost/mpl/aux_/config/ttp.hpp:17,
                 from /usr/local/include/boost/mpl/aux_/config/lambda.hpp:17,
                 from /usr/local/include/boost/mpl/aux_/lambda_support.hpp:17,
                 from /usr/local/include/boost/type_traits/broken_compiler_spec.hpp:12,
                 from /usr/local/include/boost/type_traits/remove_reference.hpp:12,
                 from /usr/local/include/boost/type_traits/add_pointer.hpp:12,
                 from /usr/local/include/boost/type_traits/transform_traits.hpp:15,
                 from /usr/local/include/boost/lambda/core.hpp:25,
                 from /usr/local/include/boost/lambda/lambda.hpp:14,
                 from conftest.c:25:
/usr/local/include/boost/config/select_stdlib_config.hpp:17:19: fatal error: cstddef: No such file or directory
compilation terminated.
configure:4486: $? = 1
configure: failed program was:
| /* confdefs.h */
| #define PACKAGE_NAME "letrain"
| #define PACKAGE_TARNAME "letrain"
| #define PACKAGE_VERSION "4.0"
| #define PACKAGE_STRING "letrain 4.0"
| #define PACKAGE_BUGREPORT "antoniovazquezaraujo@gmail.com"
| #define PACKAGE_URL ""
| #define PACKAGE "letrain"
| #define VERSION "4.0"
| #define STDC_HEADERS 1
| #define HAVE_SYS_TYPES_H 1
| #define HAVE_SYS_STAT_H 1
| #define HAVE_STDLIB_H 1
| #define HAVE_STRING_H 1
| #define HAVE_MEMORY_H 1
| #define HAVE_STRINGS_H 1
| #define HAVE_INTTYPES_H 1
| #define HAVE_STDINT_H 1
| #define HAVE_UNISTD_H 1
| #define HAVE_STDLIB_H 1
| #define HAVE_STRING_H 1
| #define HAVE_SYS_TIME_H 1
| #define HAVE_UNISTD_H 1
| /* end confdefs.h.  */
| #include <boost/lambda/lambda.hpp>
configure:4486: result: no
configure:4486: checking for boost/lambda/lambda.hpp
configure:4486: result: no
configure:4486: checking boost/any.hpp usability
configure:4486: gcc -c -g -O2  conftest.c >&5
In file included from conftest.c:58:0:
/usr/local/include/boost/any.hpp:13:21: fatal error: algorithm: No such file or directory
compilation terminated.
configure:4486: $? = 1
configure: failed program was:
| /* confdefs.h */
| #define PACKAGE_NAME "letrain"
| #define PACKAGE_TARNAME "letrain"
| #define PACKAGE_VERSION "4.0"
| #define PACKAGE_STRING "letrain 4.0"
| #define PACKAGE_BUGREPORT "antoniovazquezaraujo@gmail.com"
| #define PACKAGE_URL ""
| #define PACKAGE "letrain"
| #define VERSION "4.0"
| #define STDC_HEADERS 1
| #define HAVE_SYS_TYPES_H 1
| #define HAVE_SYS_STAT_H 1
| #define HAVE_STDLIB_H 1
| #define HAVE_STRING_H 1
| #define HAVE_MEMORY_H 1
| #define HAVE_STRINGS_H 1
| #define HAVE_INTTYPES_H 1
| #define HAVE_STDINT_H 1
| #define HAVE_UNISTD_H 1
| #define HAVE_STDLIB_H 1
| #define HAVE_STRING_H 1
| #define HAVE_SYS_TIME_H 1
| #define HAVE_UNISTD_H 1
| /* end confdefs.h.  */
| #include <stdio.h>
| #ifdef HAVE_SYS_TYPES_H
| # include <sys/types.h>
| #endif
| #ifdef HAVE_SYS_STAT_H
| # include <sys/stat.h>
| #endif
| #ifdef STDC_HEADERS
| # include <stdlib.h>
| # include <stddef.h>
| #else
| # ifdef HAVE_STDLIB_H
| #  include <stdlib.h>
| # endif
| #endif
| #ifdef HAVE_STRING_H
| # if !defined STDC_HEADERS && defined HAVE_MEMORY_H
| #  include <memory.h>
| # endif
| # include <string.h>
| #endif
| #ifdef HAVE_STRINGS_H
| # include <strings.h>
| #endif
| #ifdef HAVE_INTTYPES_H
| # include <inttypes.h>
| #endif
| #ifdef HAVE_STDINT_H
| # include <stdint.h>
| #endif
| #ifdef HAVE_UNISTD_H
| # include <unistd.h>
| #endif
| #include <boost/any.hpp>
configure:4486: result: no
configure:4486: checking boost/any.hpp presence
configure:4486: gcc -E  conftest.c
In file included from conftest.c:25:0:
/usr/local/include/boost/any.hpp:13:21: fatal error: algorithm: No such file or directory
compilation terminated.
configure:4486: $? = 1
configure: failed program was:
| /* confdefs.h */
| #define PACKAGE_NAME "letrain"
| #define PACKAGE_TARNAME "letrain"
| #define PACKAGE_VERSION "4.0"
| #define PACKAGE_STRING "letrain 4.0"
| #define PACKAGE_BUGREPORT "antoniovazquezaraujo@gmail.com"
| #define PACKAGE_URL ""
| #define PACKAGE "letrain"
| #define VERSION "4.0"
| #define STDC_HEADERS 1
| #define HAVE_SYS_TYPES_H 1
| #define HAVE_SYS_STAT_H 1
| #define HAVE_STDLIB_H 1
| #define HAVE_STRING_H 1
| #define HAVE_MEMORY_H 1
| #define HAVE_STRINGS_H 1
| #define HAVE_INTTYPES_H 1
| #define HAVE_STDINT_H 1
| #define HAVE_UNISTD_H 1
| #define HAVE_STDLIB_H 1
| #define HAVE_STRING_H 1
| #define HAVE_SYS_TIME_H 1
| #define HAVE_UNISTD_H 1
| /* end confdefs.h.  */
| #include <boost/any.hpp>
configure:4486: result: no
configure:4486: checking for boost/any.hpp
configure:4486: result: no
configure:4499: checking for stdbool.h that conforms to C99
configure:4584: gcc -c -g -O2  conftest.c >&5
configure:4584: $? = 0
configure:4591: result: yes
configure:4593: checking for _Bool
configure:4593: gcc -c -g -O2  conftest.c >&5
configure:4593: $? = 0
configure:4593: gcc -c -g -O2  conftest.c >&5
conftest.c: In function 'main':
conftest.c:61:20: error: expected expression before ')' token
configure:4593: $? = 1
configure: failed program was:
| /* confdefs.h */
| #define PACKAGE_NAME "letrain"
| #define PACKAGE_TARNAME "letrain"
| #define PACKAGE_VERSION "4.0"
| #define PACKAGE_STRING "letrain 4.0"
| #define PACKAGE_BUGREPORT "antoniovazquezaraujo@gmail.com"
| #define PACKAGE_URL ""
| #define PACKAGE "letrain"
| #define VERSION "4.0"
| #define STDC_HEADERS 1
| #define HAVE_SYS_TYPES_H 1
| #define HAVE_SYS_STAT_H 1
| #define HAVE_STDLIB_H 1
| #define HAVE_STRING_H 1
| #define HAVE_MEMORY_H 1
| #define HAVE_STRINGS_H 1
| #define HAVE_INTTYPES_H 1
| #define HAVE_STDINT_H 1
| #define HAVE_UNISTD_H 1
| #define HAVE_STDLIB_H 1
| #define HAVE_STRING_H 1
| #define HAVE_SYS_TIME_H 1
| #define HAVE_UNISTD_H 1
| /* end confdefs.h.  */
| #include <stdio.h>
| #ifdef HAVE_SYS_TYPES_H
| # include <sys/types.h>
| #endif
| #ifdef HAVE_SYS_STAT_H
| # include <sys/stat.h>
| #endif
| #ifdef STDC_HEADERS
| # include <stdlib.h>
| # include <stddef.h>
| #else
| # ifdef HAVE_STDLIB_H
| #  include <stdlib.h>
| # endif
| #endif
| #ifdef HAVE_STRING_H
| # if !defined STDC_HEADERS && defined HAVE_MEMORY_H
| #  include <memory.h>
| # endif
| # include <string.h>
| #endif
| #ifdef HAVE_STRINGS_H
| # include <strings.h>
| #endif
| #ifdef HAVE_INTTYPES_H
| # include <inttypes.h>
| #endif
| #ifdef HAVE_STDINT_H
| # include <stdint.h>
| #endif
| #ifdef HAVE_UNISTD_H
| # include <unistd.h>
| #endif
| int
| main ()
| {
| if (sizeof ((_Bool)))
| 	    return 0;
|   ;
|   return 0;
| }
configure:4593: result: yes
configure:4609: checking for an ANSI C-conforming const
configure:4674: gcc -c -g -O2  conftest.c >&5
configure:4674: $? = 0
configure:4681: result: yes
configure:4689: checking for inline
configure:4705: gcc -c -g -O2  conftest.c >&5
configure:4705: $? = 0
configure:4713: result: inline
configure:4731: checking whether time.h and sys/time.h may both be included
configure:4751: gcc -c -g -O2  conftest.c >&5
configure:4751: $? = 0
configure:4758: result: yes
configure:4770: checking for stdlib.h
configure:4770: result: yes
configure:4780: checking for GNU libc compatible malloc
configure:4804: gcc -o conftest -g -O2   conftest.c  >&5
configure:4804: $? = 0
configure:4804: ./conftest
configure:4804: $? = 0
configure:4814: result: yes
configure:4837: checking for vprintf
configure:4837: gcc -o conftest -g -O2   conftest.c  >&5
conftest.c:53:6: warning: conflicting types for built-in function 'vprintf' [enabled by default]
configure:4837: $? = 0
configure:4837: result: yes
configure:4843: checking for _doprnt
configure:4843: gcc -o conftest -g -O2   conftest.c  >&5
/tmp/ccNH1iQ8.o: In function `main':
/media/disk/archivoDeTo/lab/proyectos/c/letrain/letrain-git-5.0/conftest.c:65: undefined reference to `_doprnt'
collect2: ld returned 1 exit status
configure:4843: $? = 1
configure: failed program was:
| /* confdefs.h */
| #define PACKAGE_NAME "letrain"
| #define PACKAGE_TARNAME "letrain"
| #define PACKAGE_VERSION "4.0"
| #define PACKAGE_STRING "letrain 4.0"
| #define PACKAGE_BUGREPORT "antoniovazquezaraujo@gmail.com"
| #define PACKAGE_URL ""
| #define PACKAGE "letrain"
| #define VERSION "4.0"
| #define STDC_HEADERS 1
| #define HAVE_SYS_TYPES_H 1
| #define HAVE_SYS_STAT_H 1
| #define HAVE_STDLIB_H 1
| #define HAVE_STRING_H 1
| #define HAVE_MEMORY_H 1
| #define HAVE_STRINGS_H 1
| #define HAVE_INTTYPES_H 1
| #define HAVE_STDINT_H 1
| #define HAVE_UNISTD_H 1
| #define HAVE_STDLIB_H 1
| #define HAVE_STRING_H 1
| #define HAVE_SYS_TIME_H 1
| #define HAVE_UNISTD_H 1
| #define HAVE__BOOL 1
| #define HAVE_STDBOOL_H 1
| #define TIME_WITH_SYS_TIME 1
| #define HAVE_STDLIB_H 1
| #define HAVE_MALLOC 1
| #define HAVE_VPRINTF 1
| /* end confdefs.h.  */
| /* Define _doprnt to an innocuous variant, in case <limits.h> declares _doprnt.
|    For example, HP-UX 11i <limits.h> declares gettimeofday.  */
| #define _doprnt innocuous__doprnt
| 
| /* System header to define __stub macros and hopefully few prototypes,
|     which can conflict with char _doprnt (); below.
|     Prefer <limits.h> to <assert.h> if __STDC__ is defined, since
|     <limits.h> exists even on freestanding compilers.  */
| 
| #ifdef __STDC__
| # include <limits.h>
| #else
| # include <assert.h>
| #endif
| 
| #undef _doprnt
| 
| /* Override any GCC internal prototype to avoid an error.
|    Use char because int might match the return type of a GCC
|    builtin and then its argument prototype would still apply.  */
| #ifdef __cplusplus
| extern "C"
| #endif
| char _doprnt ();
| /* The GNU C library defines this for functions which it implements
|     to always fail with ENOSYS.  Some functions are actually named
|     something starting with __ and the normal name is an alias.  */
| #if defined __stub__doprnt || defined __stub____doprnt
| choke me
| #endif
| 
| int
| main ()
| {
| return _doprnt ();
|   ;
|   return 0;
| }
configure:4843: result: no
configure:4856: checking for gettimeofday
configure:4856: gcc -o conftest -g -O2   conftest.c  >&5
configure:4856: $? = 0
configure:4856: result: yes
configure:4990: creating ./config.status

## ---------------------- ##
## Running config.status. ##
## ---------------------- ##

This file was extended by letrain config.status 4.0, which was
generated by GNU Autoconf 2.65.  Invocation command line was

  CONFIG_FILES    = 
  CONFIG_HEADERS  = 
  CONFIG_LINKS    = 
  CONFIG_COMMANDS = 
  $ ./config.status 

on onaru.escueladeprogramadores.com

config.status:869: creating Makefile
config.status:869: creating include/Makefile
config.status:869: creating src/Makefile
config.status:869: creating config.h
config.status:1089: executing depfiles commands

## ---------------- ##
## Cache variables. ##
## ---------------- ##

ac_cv_c_compiler_gnu=yes
ac_cv_c_const=yes
ac_cv_c_inline=inline
ac_cv_cxx_compiler_gnu=yes
ac_cv_env_CCC_set=
ac_cv_env_CCC_value=
ac_cv_env_CC_set=
ac_cv_env_CC_value=
ac_cv_env_CFLAGS_set=
ac_cv_env_CFLAGS_value=
ac_cv_env_CPPFLAGS_set=
ac_cv_env_CPPFLAGS_value=
ac_cv_env_CPP_set=
ac_cv_env_CPP_value=
ac_cv_env_CXXFLAGS_set=
ac_cv_env_CXXFLAGS_value=
ac_cv_env_CXX_set=
ac_cv_env_CXX_value=
ac_cv_env_LDFLAGS_set=
ac_cv_env_LDFLAGS_value=
ac_cv_env_LIBS_set=
ac_cv_env_LIBS_value=
ac_cv_env_build_alias_set=
ac_cv_env_build_alias_value=
ac_cv_env_host_alias_set=
ac_cv_env_host_alias_value=
ac_cv_env_target_alias_set=
ac_cv_env_target_alias_value=
ac_cv_func__doprnt=no
ac_cv_func_gettimeofday=yes
ac_cv_func_malloc_0_nonnull=yes
ac_cv_func_vprintf=yes
ac_cv_header_boost_any_hpp=no
ac_cv_header_boost_lambda_bind_hpp=no
ac_cv_header_boost_lambda_lambda_hpp=no
ac_cv_header_boost_spirit_core_hpp=no
ac_cv_header_boost_spirit_utility_confix_hpp=no
ac_cv_header_inttypes_h=yes
ac_cv_header_memory_h=yes
ac_cv_header_stdbool_h=yes
ac_cv_header_stdc=yes
ac_cv_header_stdint_h=yes
ac_cv_header_stdlib_h=yes
ac_cv_header_string_h=yes
ac_cv_header_strings_h=yes
ac_cv_header_sys_stat_h=yes
ac_cv_header_sys_time_h=yes
ac_cv_header_sys_types_h=yes
ac_cv_header_time=yes
ac_cv_header_unistd_h=yes
ac_cv_objext=o
ac_cv_path_EGREP='/bin/grep -E'
ac_cv_path_GREP=/bin/grep
ac_cv_path_install='/usr/bin/install -c'
ac_cv_path_mkdir=/bin/mkdir
ac_cv_prog_AWK=gawk
ac_cv_prog_CPP='gcc -E'
ac_cv_prog_ac_ct_CC=gcc
ac_cv_prog_ac_ct_CXX=g++
ac_cv_prog_cc_c89=
ac_cv_prog_cc_g=yes
ac_cv_prog_cxx_g=yes
ac_cv_prog_make_make_set=yes
ac_cv_type__Bool=yes
am_cv_CC_dependencies_compiler_type=gcc3
am_cv_CXX_dependencies_compiler_type=gcc3

## ----------------- ##
## Output variables. ##
## ----------------- ##

ACLOCAL='${SHELL} /media/disk/archivoDeTo/lab/proyectos/c/letrain/letrain-git-5.0/missing --run aclocal-1.11'
AMDEPBACKSLASH='\'
AMDEP_FALSE='#'
AMDEP_TRUE=''
AMTAR='${SHELL} /media/disk/archivoDeTo/lab/proyectos/c/letrain/letrain-git-5.0/missing --run tar'
AUTOCONF='${SHELL} /media/disk/archivoDeTo/lab/proyectos/c/letrain/letrain-git-5.0/missing --run autoconf'
AUTOHEADER='${SHELL} /media/disk/archivoDeTo/lab/proyectos/c/letrain/letrain-git-5.0/missing --run autoheader'
AUTOMAKE='${SHELL} /media/disk/archivoDeTo/lab/proyectos/c/letrain/letrain-git-5.0/missing --run automake-1.11'
AWK='gawk'
CC='gcc'
CCDEPMODE='depmode=gcc3'
CFLAGS='-g -O2'
CPP='gcc -E'
CPPFLAGS=''
CXX='g++'
CXXDEPMODE='depmode=gcc3'
CXXFLAGS='-g -O2'
CYGPATH_W='echo'
DEFS='-DHAVE_CONFIG_H'
DEPDIR='.deps'
ECHO_C=''
ECHO_N='-n'
ECHO_T=''
EGREP='/bin/grep -E'
EXEEXT=''
GREP='/bin/grep'
INSTALL_DATA='${INSTALL} -m 644'
INSTALL_PROGRAM='${INSTALL}'
INSTALL_SCRIPT='${INSTALL}'
INSTALL_STRIP_PROGRAM='$(install_sh) -c -s'
LDFLAGS=''
LIBOBJS=''
LIBS=''
LTLIBOBJS=''
MAKEINFO='${SHELL} /media/disk/archivoDeTo/lab/proyectos/c/letrain/letrain-git-5.0/missing --run makeinfo'
MKDIR_P='/bin/mkdir -p'
OBJEXT='o'
PACKAGE='letrain'
PACKAGE_BUGREPORT='antoniovazquezaraujo@gmail.com'
PACKAGE_NAME='letrain'
PACKAGE_STRING='letrain 4.0'
PACKAGE_TARNAME='letrain'
PACKAGE_URL=''
PACKAGE_VERSION='4.0'
PATH_SEPARATOR=':'
SET_MAKE=''
SHELL='/bin/bash'
STRIP=''
VERSION='4.0'
ac_ct_CC='gcc'
ac_ct_CXX='g++'
am__EXEEXT_FALSE=''
am__EXEEXT_TRUE='#'
am__fastdepCC_FALSE='#'
am__fastdepCC_TRUE=''
am__fastdepCXX_FALSE='#'
am__fastdepCXX_TRUE=''
am__include='include'
am__isrc=''
am__leading_dot='.'
am__quote=''
am__tar='${AMTAR} chof - "$$tardir"'
am__untar='${AMTAR} xf -'
bindir='${exec_prefix}/bin'
build_alias=''
datadir='${datarootdir}'
datarootdir='${prefix}/share'
docdir='${datarootdir}/doc/${PACKAGE_TARNAME}'
dvidir='${docdir}'
exec_prefix='${prefix}'
host_alias=''
htmldir='${docdir}'
includedir='${prefix}/include'
infodir='${datarootdir}/info'
install_sh='${SHELL} /media/disk/archivoDeTo/lab/proyectos/c/letrain/letrain-git-5.0/install-sh'
libdir='${exec_prefix}/lib'
libexecdir='${exec_prefix}/libexec'
localedir='${datarootdir}/locale'
localstatedir='${prefix}/var'
mandir='${datarootdir}/man'
mkdir_p='/bin/mkdir -p'
oldincludedir='/usr/include'
pdfdir='${docdir}'
prefix='/usr/local'
program_transform_name='s,x,x,'
psdir='${docdir}'
sbindir='${exec_prefix}/sbin'
sharedstatedir='${prefix}/com'
sysconfdir='${prefix}/etc'
target_alias=''

## ----------- ##
## confdefs.h. ##
## ----------- ##

/* confdefs.h */
#define PACKAGE_NAME "letrain"
#define PACKAGE_TARNAME "letrain"
#define PACKAGE_VERSION "4.0"
#define PACKAGE_STRING "letrain 4.0"
#define PACKAGE_BUGREPORT "antoniovazquezaraujo@gmail.com"
#define PACKAGE_URL ""
#define PACKAGE "letrain"
#define VERSION "4.0"
#define STDC_HEADERS 1
#define HAVE_SYS_TYPES_H 1
#define HAVE_SYS_STAT_H 1
#define HAVE_STDLIB_H 1
#define HAVE_STRING_H 1
#define HAVE_MEMORY_H 1
#define HAVE_STRINGS_H 1
#define HAVE_INTTYPES_H 1
#define HAVE_STDINT_H 1
#define HAVE_UNISTD_H 1
#define HAVE_STDLIB_H 1
#define HAVE_STRING_H 1
#define HAVE_SYS_TIME_H 1
#define HAVE_UNISTD_H 1
#define HAVE__BOOL 1
#define HAVE_STDBOOL_H 1
#define TIME_WITH_SYS_TIME 1
#define HAVE_STDLIB_H 1
#define HAVE_MALLOC 1
#define HAVE_VPRINTF 1
#define HAVE_GETTIMEOFDAY 1

configure: exit 0
