12-02-24 19:24:45 DEBUG RailPen -  agregando dir y -dir:4, 0
12-02-24 19:24:46 DEBUG RailPen -  agregando dir y -dir:4, 0
12-02-24 19:24:46 DEBUG RailPen -  agregando dir y -dir:4, 0
12-02-24 19:24:46 DEBUG RailPen -  agregando dir y -dir:4, 0
12-02-24 19:24:46 DEBUG RailPen -  agregando dir y -dir:4, 0
12-02-24 19:24:46 DEBUG RailPen -  agregando dir y -dir:4, 0
12-02-24 19:24:46 DEBUG RailPen -  agregando dir y -dir:4, 0
12-02-24 19:24:46 DEBUG RailPen -  agregando dir y -dir:4, 0
12-02-24 19:24:46 DEBUG RailPen -  agregando dir y -dir:3, 0
12-02-24 19:24:47 DEBUG RailPen -  agregando dir y -dir:2, 7
12-02-24 19:24:47 DEBUG RailPen -  agregando dir y -dir:1, 6
12-02-24 19:24:48 DEBUG RailPen -  agregando dir y -dir:0, 5
12-02-24 19:24:49 DEBUG RailPen -  agregando dir y -dir:0, 4
12-02-24 19:24:49 DEBUG RailPen -  agregando dir y -dir:0, 4
12-02-24 19:24:49 DEBUG RailPen -  agregando dir y -dir:0, 4
12-02-24 19:24:49 DEBUG RailPen -  agregando dir y -dir:0, 4
12-02-24 19:24:49 DEBUG RailPen -  agregando dir y -dir:0, 4
12-02-24 19:24:49 DEBUG RailPen -  agregando dir y -dir:0, 4
12-02-24 19:24:49 DEBUG RailPen -  agregando dir y -dir:0, 4
12-02-24 19:24:49 DEBUG RailPen -  agregando dir y -dir:0, 4
12-02-24 19:24:49 DEBUG RailPen -  agregando dir y -dir:0, 4
12-02-24 19:24:49 DEBUG RailPen -  agregando dir y -dir:0, 4
12-02-24 19:24:49 DEBUG RailPen -  agregando dir y -dir:0, 4
12-02-24 19:24:49 DEBUG RailPen -  agregando dir y -dir:0, 4
12-02-24 19:24:49 DEBUG RailPen -  agregando dir y -dir:0, 4
12-02-24 19:24:49 DEBUG RailPen -  agregando dir y -dir:0, 4
12-02-24 19:24:49 DEBUG RailPen -  agregando dir y -dir:0, 4
12-02-24 19:24:49 DEBUG RailPen -  agregando dir y -dir:0, 4
12-02-24 19:24:49 DEBUG RailPen -  agregando dir y -dir:0, 4
12-02-24 19:24:49 DEBUG RailPen -  agregando dir y -dir:0, 4
12-02-24 19:24:49 DEBUG RailPen -  agregando dir y -dir:0, 4
12-02-24 19:24:50 DEBUG RailPen -  agregando dir y -dir:0, 4
12-02-24 19:24:50 DEBUG RailPen -  agregando dir y -dir:0, 4
12-02-24 19:24:50 DEBUG RailPen -  agregando dir y -dir:0, 4
12-02-24 19:24:50 DEBUG RailPen -  agregando dir y -dir:0, 4
12-02-24 19:24:50 DEBUG RailPen -  agregando dir y -dir:0, 4
12-02-24 19:24:50 DEBUG RailPen -  agregando dir y -dir:0, 4
12-02-24 19:24:50 DEBUG RailPen -  agregando dir y -dir:0, 4
12-02-24 19:24:50 DEBUG RailPen -  agregando dir y -dir:0, 4
12-02-24 19:24:50 DEBUG RailPen -  agregando dir y -dir:0, 4
12-02-24 19:24:50 DEBUG RailPen -  agregando dir y -dir:0, 4
12-02-24 19:24:50 DEBUG RailPen -  agregando dir y -dir:0, 4
12-02-24 19:24:50 DEBUG RailPen -  agregando dir y -dir:0, 4
12-02-24 19:24:50 DEBUG RailPen -  agregando dir y -dir:0, 4
12-02-24 19:24:50 DEBUG RailPen -  agregando dir y -dir:0, 4
12-02-24 19:24:50 DEBUG RailPen -  agregando dir y -dir:0, 4
12-02-24 19:24:50 DEBUG RailPen -  agregando dir y -dir:0, 4
12-02-24 19:24:50 DEBUG RailPen -  agregando dir y -dir:0, 4
12-02-24 19:24:50 DEBUG RailPen -  agregando dir y -dir:0, 4
12-02-24 19:24:50 DEBUG RailPen -  agregando dir y -dir:0, 4
12-02-24 19:24:50 DEBUG RailPen -  agregando dir y -dir:0, 4
12-02-24 19:24:50 DEBUG RailPen -  agregando dir y -dir:0, 4
12-02-24 19:24:50 DEBUG RailPen -  agregando dir y -dir:0, 4
12-02-24 19:24:50 DEBUG RailPen -  agregando dir y -dir:0, 4
12-02-24 19:24:50 DEBUG RailPen -  agregando dir y -dir:7, 4
12-02-24 19:24:51 DEBUG RailPen -  agregando dir y -dir:6, 3
12-02-24 19:24:52 DEBUG RailPen -  agregando dir y -dir:5, 2
12-02-24 19:24:53 DEBUG RailPen -  agregando dir y -dir:4, 1
12-02-24 19:24:53 DEBUG RailPen -  agregando dir y -dir:4, 0
12-02-24 19:24:53 DEBUG RailPen -  agregando dir y -dir:4, 0
12-02-24 19:24:53 DEBUG RailPen -  agregando dir y -dir:4, 0
12-02-24 19:24:53 DEBUG RailPen -  agregando dir y -dir:4, 0
12-02-24 19:24:53 DEBUG RailPen -  agregando dir y -dir:4, 0
12-02-24 19:24:53 DEBUG RailPen -  agregando dir y -dir:4, 0
12-02-24 19:24:53 DEBUG RailPen -  agregando dir y -dir:4, 0
12-02-24 19:24:53 DEBUG RailPen -  agregando dir y -dir:4, 0
12-02-24 19:24:53 DEBUG RailPen -  agregando dir y -dir:4, 0
12-02-24 19:24:53 DEBUG RailPen -  agregando dir y -dir:4, 0
12-02-24 19:24:53 DEBUG RailPen -  agregando dir y -dir:4, 0
12-02-24 19:24:53 DEBUG RailPen -  agregando dir y -dir:4, 0
12-02-24 19:24:54 DEBUG RailPen -  agregando dir y -dir:4, 0
12-02-24 19:24:54 DEBUG RailPen -  agregando dir y -dir:4, 0
12-02-24 19:24:54 DEBUG RailPen -  agregando dir y -dir:4, 0
12-02-24 19:24:54 DEBUG RailPen -  agregando dir y -dir:4, 0
12-02-24 19:24:54 DEBUG RailPen -  agregando dir y -dir:4, 0
12-02-24 19:24:54 DEBUG RailPen -  agregando dir y -dir:4, 0
12-02-24 19:24:54 DEBUG RailPen -  agregando dir y -dir:4, 0
12-02-24 19:24:54 DEBUG RailPen -  agregando dir y -dir:4, 0
12-02-24 19:24:54 DEBUG RailPen -  agregando dir y -dir:4, 0
12-02-24 19:24:54 DEBUG RailPen -  agregando dir y -dir:4, 0
12-02-24 19:24:54 DEBUG RailPen -  agregando dir y -dir:4, 0
12-02-24 19:24:54 DEBUG RailPen -  agregando dir y -dir:4, 0
12-02-24 19:24:54 DEBUG RailPen -  agregando dir y -dir:4, 0
12-02-24 19:24:54 DEBUG RailPen -  agregando dir y -dir:4, 0
12-02-24 19:24:54 DEBUG RailPen -  agregando dir y -dir:4, 0
12-02-24 19:24:54 DEBUG RailPen -  agregando dir y -dir:4, 0
12-02-24 19:24:54 DEBUG RailPen -  agregando dir y -dir:4, 0
12-02-24 19:24:54 DEBUG RailPen -  agregando dir y -dir:4, 0
12-02-24 19:24:54 DEBUG RailPen -  agregando dir y -dir:4, 0
12-02-24 19:24:54 DEBUG RailPen -  agregando dir y -dir:4, 0
12-02-24 19:24:54 DEBUG RailPen -  agregando dir y -dir:4, 0
12-02-24 19:24:54 DEBUG RailPen -  agregando dir y -dir:4, 0
12-02-24 19:24:54 DEBUG RailPen -  agregando dir y -dir:4, 0
12-02-24 19:24:54 DEBUG RailPen -  agregando dir y -dir:4, 0
12-02-24 19:24:54 DEBUG RailPen -  agregando dir y -dir:4, 0
12-02-24 19:24:58 DEBUG Commander -  Agrego el tren en: -3,-10
12-02-24 19:24:58 DEBUG Train - Impulso total:0
12-02-24 19:24:58 DEBUG Train - Impulso total:0
12-02-24 19:24:58 DEBUG Train - Impulso total:0
12-02-24 19:24:58 DEBUG Train - Impulso total:0
12-02-24 19:24:58 DEBUG Train - Impulso total:0
12-02-24 19:24:58 DEBUG Train - Impulso total:0
12-02-24 19:24:58 DEBUG Train - Impulso total:0
12-02-24 19:24:58 DEBUG Train - Impulso total:0
12-02-24 19:24:58 DEBUG Train - Impulso total:0
12-02-24 19:24:58 DEBUG Train - Impulso total:0
12-02-24 19:24:58 DEBUG Train - Impulso total:0
12-02-24 19:24:58 DEBUG Train - Impulso total:0
12-02-24 19:24:58 DEBUG Train - Impulso total:0
12-02-24 19:24:58 DEBUG Train - Impulso total:0
12-02-24 19:24:59 DEBUG Train - Impulso total:0
12-02-24 19:24:59 DEBUG Train - Impulso total:0
12-02-24 19:24:59 DEBUG Train - Impulso total:0
12-02-24 19:24:59 DEBUG Train - Impulso total:0
12-02-24 19:24:59 DEBUG Commander -  Agrego el tren en: -3,1
12-02-24 19:24:59 DEBUG Train - Impulso total:0
12-02-24 19:24:59 DEBUG Train - Impulso total:0
12-02-24 19:24:59 DEBUG Train - Impulso total:0
12-02-24 19:24:59 DEBUG Train - Impulso total:0
12-02-24 19:24:59 DEBUG Train - Impulso total:0
12-02-24 19:24:59 DEBUG Train - Impulso total:0
12-02-24 19:24:59 DEBUG Train - Impulso total:0
12-02-24 19:24:59 DEBUG Train - Impulso total:0
12-02-24 19:24:59 DEBUG Train - Impulso total:0
12-02-24 19:24:59 DEBUG Train - Impulso total:0
12-02-24 19:24:59 DEBUG Train - Impulso total:0
12-02-24 19:24:59 DEBUG Train - Impulso total:0
12-02-24 19:24:59 DEBUG Train - Impulso total:0
12-02-24 19:24:59 DEBUG Train - Impulso total:0
12-02-24 19:24:59 DEBUG Train - Impulso total:0
12-02-24 19:24:59 DEBUG Train - Impulso total:0
12-02-24 19:24:59 DEBUG Train - Impulso total:0
12-02-24 19:24:59 DEBUG Train - Impulso total:0
12-02-24 19:24:59 DEBUG Train - Impulso total:0
12-02-24 19:24:59 DEBUG Train - Impulso total:0
12-02-24 19:24:59 DEBUG Train - Impulso total:0
12-02-24 19:24:59 DEBUG Train - Impulso total:0
12-02-24 19:24:59 DEBUG Train - Impulso total:0
12-02-24 19:24:59 DEBUG Train - Impulso total:0
12-02-24 19:25:00 DEBUG Train - Impulso total:0
12-02-24 19:25:00 DEBUG Train - Impulso total:0
12-02-24 19:25:00 DEBUG Train - Impulso total:0
12-02-24 19:25:00 DEBUG Train - Impulso total:0
12-02-24 19:25:00 DEBUG Train - Impulso total:0
12-02-24 19:25:00 DEBUG Train - Impulso total:0
12-02-24 19:25:00 DEBUG Train - Impulso total:0
12-02-24 19:25:00 DEBUG Train - Impulso total:0
12-02-24 19:25:00 DEBUG Train - Impulso total:0
12-02-24 19:25:00 DEBUG Train - Impulso total:0
12-02-24 19:25:00 DEBUG Train - Impulso total:0
12-02-24 19:25:00 DEBUG Train - Impulso total:0
12-02-24 19:25:00 DEBUG Train - Impulso total:0
12-02-24 19:25:00 DEBUG Train - Impulso total:0
12-02-24 19:25:00 DEBUG Train - Impulso total:0
12-02-24 19:25:00 DEBUG Train - Impulso total:0
12-02-24 19:25:00 DEBUG Train - Impulso total:0
12-02-24 19:25:00 DEBUG Train - Impulso total:0
12-02-24 19:25:00 DEBUG Train - Impulso total:0
12-02-24 19:25:00 DEBUG Train - Impulso total:0
12-02-24 19:25:00 DEBUG Train - Impulso total:0
12-02-24 19:25:00 DEBUG Train - Impulso total:0
12-02-24 19:25:00 DEBUG Train - Impulso total:0
12-02-24 19:25:00 DEBUG Train - Impulso total:0
12-02-24 19:25:00 DEBUG Train - Impulso total:0
12-02-24 19:25:00 DEBUG Train - Impulso total:0
12-02-24 19:25:00 DEBUG Train - Impulso total:0
12-02-24 19:25:00 DEBUG Train - Impulso total:0
12-02-24 19:25:00 DEBUG Train - Impulso total:0
12-02-24 19:25:00 DEBUG Train - Impulso total:0
12-02-24 19:25:00 DEBUG Train - Impulso total:0
12-02-24 19:25:00 DEBUG Train - Impulso total:0
12-02-24 19:25:00 DEBUG Train - Impulso total:0
12-02-24 19:25:00 DEBUG Train - Impulso total:0
12-02-24 19:25:00 DEBUG Train - Impulso total:0
12-02-24 19:25:00 DEBUG Train - Impulso total:0
12-02-24 19:25:01 DEBUG Train - Impulso total:0
12-02-24 19:25:01 DEBUG Train - Impulso total:0
12-02-24 19:25:01 DEBUG Train - Impulso total:0
12-02-24 19:25:01 DEBUG Train - Impulso total:0
12-02-24 19:25:01 DEBUG Train - Impulso total:0
12-02-24 19:25:01 DEBUG Train - Impulso total:0
12-02-24 19:25:01 DEBUG Train - Impulso total:0
12-02-24 19:25:01 DEBUG Train - Impulso total:0
12-02-24 19:25:01 DEBUG Train - Impulso total:0
12-02-24 19:25:01 DEBUG Train - Impulso total:0
12-02-24 19:25:01 DEBUG Train - Impulso total:0
12-02-24 19:25:01 DEBUG Train - Impulso total:0
12-02-24 19:25:01 DEBUG Train - Impulso total:0
12-02-24 19:25:01 DEBUG Train - Impulso total:0
12-02-24 19:25:01 DEBUG Train - Impulso total:0
12-02-24 19:25:01 DEBUG Train - Impulso total:0
12-02-24 19:25:01 DEBUG Train - Impulso total:0
12-02-24 19:25:01 DEBUG Train - Impulso total:0
12-02-24 19:25:01 DEBUG Train - Impulso total:0
12-02-24 19:25:01 DEBUG Train - Impulso total:0
12-02-24 19:25:01 DEBUG Train - Impulso total:0
12-02-24 19:25:01 DEBUG Train - Impulso total:0
12-02-24 19:25:02 DEBUG Train - Impulso total:0
12-02-24 19:25:02 DEBUG Train - Impulso total:0
12-02-24 19:25:02 DEBUG Train - Impulso total:0
12-02-24 19:25:02 DEBUG Train - Impulso total:0
12-02-24 19:25:02 DEBUG Train - Impulso total:0
12-02-24 19:25:02 DEBUG Train - Impulso total:0
12-02-24 19:25:02 DEBUG Train - Impulso total:0
12-02-24 19:25:02 DEBUG Train - Impulso total:0
12-02-24 19:25:02 DEBUG Train - Impulso total:0
12-02-24 19:25:02 DEBUG Train - Impulso total:0
12-02-24 19:25:02 DEBUG Train - Impulso total:0
12-02-24 19:25:02 DEBUG Train - Impulso total:0
12-02-24 19:25:02 DEBUG Train - Impulso total:0
12-02-24 19:25:02 DEBUG Train - Impulso total:0
12-02-24 19:25:02 DEBUG Train - Impulso total:0
12-02-24 19:25:02 DEBUG Train - Impulso total:0
12-02-24 19:25:02 DEBUG Train - Impulso total:0
12-02-24 19:25:02 DEBUG Train - Impulso total:0
12-02-24 19:25:02 DEBUG Train - Impulso total:0
12-02-24 19:25:02 DEBUG Train - Impulso total:0
12-02-24 19:25:03 DEBUG Train - Impulso total:0
12-02-24 19:25:03 DEBUG Train - Impulso total:0
12-02-24 19:25:03 DEBUG Train - Impulso total:0
12-02-24 19:25:03 DEBUG Train - Impulso total:0
12-02-24 19:25:03 DEBUG Train - Impulso total:0
12-02-24 19:25:03 DEBUG Train - Impulso total:0
12-02-24 19:25:03 DEBUG Train - Impulso total:0
12-02-24 19:25:03 DEBUG Train - Impulso total:0
12-02-24 19:25:03 DEBUG Train - Impulso total:0
12-02-24 19:25:03 DEBUG Train - Impulso total:0
12-02-24 19:25:03 DEBUG Train - Impulso total:0
12-02-24 19:25:03 DEBUG Train - Impulso total:0
12-02-24 19:25:03 DEBUG Train - Impulso total:0
12-02-24 19:25:03 DEBUG Train - Impulso total:0
12-02-24 19:25:03 DEBUG Train - Impulso total:0
12-02-24 19:25:03 DEBUG Train - Impulso total:0
12-02-24 19:25:03 DEBUG Train - Impulso total:0
12-02-24 19:25:03 DEBUG Train - Impulso total:0
12-02-24 19:25:03 DEBUG Train - Impulso total:0
12-02-24 19:25:03 DEBUG Train - Impulso total:0
12-02-24 19:25:04 DEBUG Train - Impulso total:0
12-02-24 19:25:04 DEBUG Train - Impulso total:0
12-02-24 19:25:04 DEBUG Train - Impulso total:0
12-02-24 19:25:04 DEBUG Train - Impulso total:0
12-02-24 19:25:04 DEBUG Train - Impulso total:0
12-02-24 19:25:04 DEBUG Train - Impulso total:0
12-02-24 19:25:04 DEBUG Train - Impulso total:0
12-02-24 19:25:04 DEBUG Train - Impulso total:0
12-02-24 19:25:04 DEBUG Train - Impulso total:0
12-02-24 19:25:04 DEBUG Train - Impulso total:0
12-02-24 19:25:04 DEBUG Train - Impulso total:0
12-02-24 19:25:04 DEBUG Train - Impulso total:0
12-02-24 19:25:04 DEBUG Train - Impulso total:0
12-02-24 19:25:04 DEBUG Train - Impulso total:0
12-02-24 19:25:04 DEBUG Train - Impulso total:0
12-02-24 19:25:04 DEBUG Train - Impulso total:0
12-02-24 19:25:04 DEBUG Train - Impulso total:0
12-02-24 19:25:04 DEBUG Train - Impulso total:0
12-02-24 19:25:04 DEBUG Train - Impulso total:0
12-02-24 19:25:04 DEBUG Train - Impulso total:0
12-02-24 19:25:05 DEBUG Train - Impulso total:0
12-02-24 19:25:05 DEBUG Train - Impulso total:0
12-02-24 19:25:05 DEBUG Train - Impulso total:0
12-02-24 19:25:05 DEBUG Train - Impulso total:0
12-02-24 19:25:05 DEBUG Train - Impulso total:0
12-02-24 19:25:05 DEBUG Train - Impulso total:0
12-02-24 19:25:05 DEBUG Train - Impulso total:0
12-02-24 19:25:05 DEBUG Train - Impulso total:0
12-02-24 19:25:05 DEBUG Train - Impulso total:0
12-02-24 19:25:05 DEBUG Train - Impulso total:0
12-02-24 19:25:05 DEBUG Train - Impulso total:0
12-02-24 19:25:05 DEBUG Train - Impulso total:0
12-02-24 19:25:05 DEBUG Train - Impulso total:0
12-02-24 19:25:05 DEBUG Train - Impulso total:0
12-02-24 19:25:05 DEBUG Train - Impulso total:0
12-02-24 19:25:05 DEBUG Train - Impulso total:0
12-02-24 19:25:05 DEBUG Train - Impulso total:0
12-02-24 19:25:05 DEBUG Train - Impulso total:0
12-02-24 19:25:05 DEBUG Train - Impulso total:0
12-02-24 19:25:05 DEBUG Train - Impulso total:0
12-02-24 19:25:06 DEBUG Train - Impulso total:0
12-02-24 19:25:06 DEBUG Train - Impulso total:0
12-02-24 19:25:06 DEBUG Train - Impulso total:0
12-02-24 19:25:06 DEBUG Train - Impulso total:0
12-02-24 19:25:06 DEBUG Train - Impulso total:0
12-02-24 19:25:06 DEBUG Train - Impulso total:0
12-02-24 19:25:06 DEBUG Train - Impulso total:0
12-02-24 19:25:06 DEBUG Train - Impulso total:0
12-02-24 19:25:06 DEBUG Train - Impulso total:0
12-02-24 19:25:06 DEBUG Train - Impulso total:0
12-02-24 19:25:06 DEBUG Train - Impulso total:0
12-02-24 19:25:06 DEBUG Train - Impulso total:0
12-02-24 19:25:06 DEBUG Train - Impulso total:0
12-02-24 19:25:06 DEBUG Train - Impulso total:0
12-02-24 19:25:06 DEBUG Train - Impulso total:0
12-02-24 19:25:06 DEBUG Train - Impulso total:0
12-02-24 19:25:06 DEBUG Train - Impulso total:0
12-02-24 19:25:06 DEBUG Train - Impulso total:0
12-02-24 19:25:06 DEBUG Train - Impulso total:0
12-02-24 19:25:06 DEBUG Train - Impulso total:0
12-02-24 19:25:07 DEBUG Train - Impulso total:0
12-02-24 19:25:07 DEBUG Train - Impulso total:0
12-02-24 19:25:07 DEBUG Train - Impulso total:0
12-02-24 19:25:07 DEBUG Train - Impulso total:0
12-02-24 19:25:07 DEBUG Train - Impulso total:0
12-02-24 19:25:07 DEBUG Train - Impulso total:0
12-02-24 19:25:07 DEBUG Train - Impulso total:0
12-02-24 19:25:07 DEBUG Train - Impulso total:0
12-02-24 19:25:07 DEBUG Train - Impulso total:0
12-02-24 19:25:07 DEBUG Train - Impulso total:0
12-02-24 19:25:07 DEBUG Train - Impulso total:0
12-02-24 19:25:07 DEBUG Train - Impulso total:0
12-02-24 19:25:07 DEBUG Train - Impulso total:0
12-02-24 19:25:07 DEBUG Train - Impulso total:0
12-02-24 19:25:07 DEBUG Train - Impulso total:0
12-02-24 19:25:07 DEBUG Train - Impulso total:0
12-02-24 19:25:07 DEBUG Train - Impulso total:0
12-02-24 19:25:07 DEBUG Train - Impulso total:0
12-02-24 19:25:07 DEBUG Train - Impulso total:0
12-02-24 19:25:07 DEBUG Train - Impulso total:0
12-02-24 19:25:08 DEBUG Train - Impulso total:0
12-02-24 19:25:08 DEBUG Train - Impulso total:0
12-02-24 19:25:08 DEBUG Train - Impulso total:0
12-02-24 19:25:08 DEBUG Train - Impulso total:0
12-02-24 19:25:08 DEBUG Train - Impulso total:0
12-02-24 19:25:08 DEBUG Train - Impulso total:0
12-02-24 19:25:08 DEBUG Train - Impulso total:0
12-02-24 19:25:08 DEBUG Train - Impulso total:0
12-02-24 19:25:08 DEBUG Train - Impulso total:0
12-02-24 19:25:08 DEBUG Train - Impulso total:0
12-02-24 19:25:08 DEBUG Train - Impulso total:0
12-02-24 19:25:08 DEBUG Train - Impulso total:0
12-02-24 19:25:08 DEBUG Train - Impulso total:0
12-02-24 19:25:08 DEBUG Train - Impulso total:0
12-02-24 19:25:08 DEBUG Train - Impulso total:0
12-02-24 19:25:08 DEBUG Train - Impulso total:0
12-02-24 19:25:08 DEBUG Train - Impulso total:0
12-02-24 19:25:08 DEBUG Train - Impulso total:0
12-02-24 19:25:08 DEBUG Train - Impulso total:0
12-02-24 19:25:08 DEBUG Train - Impulso total:0
12-02-24 19:25:08 DEBUG Train - Impulso total:0
12-02-24 19:25:08 DEBUG Train - Impulso total:0
12-02-24 19:25:08 DEBUG Train - Impulso total:0
12-02-24 19:25:08 DEBUG Train - Impulso total:0
12-02-24 19:25:09 DEBUG Train - Impulso total:0
12-02-24 19:25:09 DEBUG Train - Impulso total:0
12-02-24 19:25:09 DEBUG Train - Impulso total:0
12-02-24 19:25:09 DEBUG Train - Impulso total:0
12-02-24 19:25:09 DEBUG Train - Impulso total:0
12-02-24 19:25:09 DEBUG Train - Impulso total:0
12-02-24 19:25:09 DEBUG Train - Impulso total:0
12-02-24 19:25:09 DEBUG Train - Impulso total:0
12-02-24 19:25:09 DEBUG Train - Impulso total:0
12-02-24 19:25:09 DEBUG Train - Impulso total:0
12-02-24 19:25:09 DEBUG Train - Impulso total:0
12-02-24 19:25:09 DEBUG Train - Impulso total:0
12-02-24 19:25:09 DEBUG Train - Impulso total:0
12-02-24 19:25:09 DEBUG Train - Impulso total:0
12-02-24 19:25:09 DEBUG Train - Impulso total:0
12-02-24 19:25:09 DEBUG Train - Impulso total:0
12-02-24 19:25:09 DEBUG Train - Impulso total:0
12-02-24 19:25:09 DEBUG Train - Impulso total:0
12-02-24 19:25:09 DEBUG Train - Impulso total:0
12-02-24 19:25:09 DEBUG Train - Impulso total:0
12-02-24 19:25:09 DEBUG Train - Impulso total:0
12-02-24 19:25:09 DEBUG Train - Impulso total:0
12-02-24 19:25:09 DEBUG Train - Impulso total:0
12-02-24 19:25:09 DEBUG Train - Impulso total:0
12-02-24 19:25:10 DEBUG Train - Impulso total:0
12-02-24 19:25:10 DEBUG Train - Impulso total:0
12-02-24 19:25:10 DEBUG Train - Impulso total:0
12-02-24 19:25:10 DEBUG Train - Impulso total:0
12-02-24 19:25:10 DEBUG Train - Impulso total:0
12-02-24 19:25:10 DEBUG Train - Impulso total:0
12-02-24 19:25:10 DEBUG Train - Impulso total:0
12-02-24 19:25:10 DEBUG Train - Impulso total:0
12-02-24 19:25:10 DEBUG Train - Impulso total:0
12-02-24 19:25:10 DEBUG Train - Impulso total:0
12-02-24 19:25:10 DEBUG Train - Impulso total:0
12-02-24 19:25:10 DEBUG Train - Impulso total:0
12-02-24 19:25:10 DEBUG Train - Impulso total:0
12-02-24 19:25:10 DEBUG Train - Impulso total:0
12-02-24 19:25:10 DEBUG Train - Impulso total:0
12-02-24 19:25:10 DEBUG Train - Impulso total:0
12-02-24 19:25:10 DEBUG Train - Impulso total:0
12-02-24 19:25:10 DEBUG Train - Impulso total:0
12-02-24 19:25:10 DEBUG Train - Impulso total:0
12-02-24 19:25:10 DEBUG Train - Impulso total:0
12-02-24 19:25:10 DEBUG Train - Impulso total:0
12-02-24 19:25:10 DEBUG Train - Impulso total:0
12-02-24 19:25:10 DEBUG Train - Impulso total:0
12-02-24 19:25:10 DEBUG Train - Impulso total:0
12-02-24 19:25:10 DEBUG Train - Impulso total:0
12-02-24 19:25:10 DEBUG Train - Impulso total:0
12-02-24 19:25:10 DEBUG Train - Impulso total:0
12-02-24 19:25:10 DEBUG Train - Impulso total:0
12-02-24 19:25:10 DEBUG Train - Impulso total:0
12-02-24 19:25:10 DEBUG Train - Impulso total:0
12-02-24 19:25:10 DEBUG Train - Impulso total:0
12-02-24 19:25:10 DEBUG Train - Impulso total:0
12-02-24 19:25:10 DEBUG Train - Impulso total:0
12-02-24 19:25:10 DEBUG Train - Impulso total:0
12-02-24 19:25:10 DEBUG Train - Impulso total:0
12-02-24 19:25:10 DEBUG Train - Impulso total:0
12-02-24 19:25:10 DEBUG Train - Impulso total:0
12-02-24 19:25:10 DEBUG Train - Impulso total:0
12-02-24 19:25:10 DEBUG Train - Impulso total:0
12-02-24 19:25:10 DEBUG Train - Impulso total:0
12-02-24 19:25:10 DEBUG Train - Impulso total:0
12-02-24 19:25:10 DEBUG Train - Impulso total:0
12-02-24 19:25:10 DEBUG Train - Impulso total:0
12-02-24 19:25:10 DEBUG Train - Impulso total:0
12-02-24 19:25:10 DEBUG Train - Impulso total:0
12-02-24 19:25:10 DEBUG Train - Impulso total:0
12-02-24 19:25:10 DEBUG Train - Impulso total:0
12-02-24 19:25:10 DEBUG Train - Impulso total:0
12-02-24 19:25:10 DEBUG Train - Impulso total:0
12-02-24 19:25:10 DEBUG Train - Impulso total:0
12-02-24 19:25:10 DEBUG Train - Impulso total:0
12-02-24 19:25:10 DEBUG Train - Impulso total:0
12-02-24 19:25:10 DEBUG Train - Impulso total:0
12-02-24 19:25:10 DEBUG Train - Impulso total:0
12-02-24 19:25:10 DEBUG Train - Impulso total:0
12-02-24 19:25:10 DEBUG Train - Impulso total:0
12-02-24 19:25:11 DEBUG Train - Impulso total:0
12-02-24 19:25:11 DEBUG Train - Impulso total:0
12-02-24 19:25:11 DEBUG Train - Impulso total:0
12-02-24 19:25:11 DEBUG Train - Impulso total:0
12-02-24 19:25:11 DEBUG Train - Impulso total:0
12-02-24 19:25:11 DEBUG Train - Impulso total:0
12-02-24 19:25:11 DEBUG Train - Impulso total:0
12-02-24 19:25:11 DEBUG Train - Impulso total:0
12-02-24 19:25:11 DEBUG Train - Impulso total:0
12-02-24 19:25:11 DEBUG Train - Impulso total:0
12-02-24 19:25:11 DEBUG Train - Impulso total:0
12-02-24 19:25:11 DEBUG Train - Impulso total:0
12-02-24 19:25:11 DEBUG Train - Impulso total:0
12-02-24 19:25:11 DEBUG Train - Impulso total:0
12-02-24 19:25:11 DEBUG Train - Impulso total:0
12-02-24 19:25:11 DEBUG Train - Impulso total:0
12-02-24 19:25:11 DEBUG Train - Impulso total:0
12-02-24 19:25:11 DEBUG Train - Impulso total:0
12-02-24 19:25:11 DEBUG Train - Impulso total:0
12-02-24 19:25:11 DEBUG Train - Impulso total:0
12-02-24 19:25:11 DEBUG Train - Impulso total:0
12-02-24 19:25:11 DEBUG Train - Impulso total:0
12-02-24 19:25:11 DEBUG Train - Impulso total:0
12-02-24 19:25:11 DEBUG Train - Impulso total:0
12-02-24 19:25:11 DEBUG Train - Impulso total:0
12-02-24 19:25:11 DEBUG Train - Impulso total:0
12-02-24 19:25:11 DEBUG Train - Impulso total:0
12-02-24 19:25:11 DEBUG Train - Impulso total:0
12-02-24 19:25:11 DEBUG Train - Impulso total:0
12-02-24 19:25:11 DEBUG Train - Impulso total:0
12-02-24 19:25:11 DEBUG Train - Impulso total:0
12-02-24 19:25:11 DEBUG Train - Impulso total:0
12-02-24 19:25:11 DEBUG Train - Impulso total:0
12-02-24 19:25:11 DEBUG Train - Impulso total:0
12-02-24 19:25:11 DEBUG Train - Impulso total:0
12-02-24 19:25:11 DEBUG Train - Impulso total:0
12-02-24 19:25:12 DEBUG Train - Impulso total:0
12-02-24 19:25:12 DEBUG Train - Impulso total:0
12-02-24 19:25:12 DEBUG Train - Impulso total:0
12-02-24 19:25:12 DEBUG Train - Impulso total:0
12-02-24 19:25:12 DEBUG Train - Impulso total:0
12-02-24 19:25:12 DEBUG Train - Impulso total:0
12-02-24 19:25:12 DEBUG Train - Impulso total:0
12-02-24 19:25:12 DEBUG Train - Impulso total:0
12-02-24 19:25:12 DEBUG Train - Impulso total:0
12-02-24 19:25:12 DEBUG Train - Impulso total:0
12-02-24 19:25:12 DEBUG Train - Impulso total:0
12-02-24 19:25:12 DEBUG Train - Impulso total:0
12-02-24 19:25:12 DEBUG Train - Impulso total:0
12-02-24 19:25:12 DEBUG Train - Impulso total:0
12-02-24 19:25:12 DEBUG Train - Impulso total:0
12-02-24 19:25:12 DEBUG Train - Impulso total:0
12-02-24 19:25:12 DEBUG Train - Impulso total:0
12-02-24 19:25:12 DEBUG Train - Impulso total:0
12-02-24 19:25:12 DEBUG Train - Impulso total:0
12-02-24 19:25:12 DEBUG Train - Impulso total:0
12-02-24 19:25:12 DEBUG Train - Impulso total:0
12-02-24 19:25:12 DEBUG Train - Impulso total:0
12-02-24 19:25:12 DEBUG Train - Impulso total:0
12-02-24 19:25:12 DEBUG Train - Impulso total:0
12-02-24 19:25:12 DEBUG Train - Impulso total:0
12-02-24 19:25:12 DEBUG Train - Impulso total:0
12-02-24 19:25:12 DEBUG Train - Impulso total:0
12-02-24 19:25:12 DEBUG Train - Impulso total:0
12-02-24 19:25:12 DEBUG Train - Impulso total:0
12-02-24 19:25:12 DEBUG Train - Impulso total:0
12-02-24 19:25:12 DEBUG Train - Impulso total:0
12-02-24 19:25:12 DEBUG Train - Impulso total:0
12-02-24 19:25:12 DEBUG Train - Impulso total:0
12-02-24 19:25:12 DEBUG Train - Impulso total:0
12-02-24 19:25:12 DEBUG Train - Impulso total:0
12-02-24 19:25:12 DEBUG Train - Impulso total:0
12-02-24 19:25:12 DEBUG Train - Impulso total:0
12-02-24 19:25:12 DEBUG Train - Impulso total:0
12-02-24 19:25:12 DEBUG Train - Impulso total:0
12-02-24 19:25:12 DEBUG Train - Impulso total:0
12-02-24 19:25:12 DEBUG Train - Impulso total:0
12-02-24 19:25:12 DEBUG Train - Impulso total:0
12-02-24 19:25:12 DEBUG Train - Impulso total:0
12-02-24 19:25:12 DEBUG Train - Impulso total:0
12-02-24 19:25:12 DEBUG Train - Impulso total:0
12-02-24 19:25:12 DEBUG Train - Impulso total:0
12-02-24 19:25:12 DEBUG Train - Impulso total:0
12-02-24 19:25:12 DEBUG Train - Impulso total:0
12-02-24 19:25:12 DEBUG Train - Impulso total:0
12-02-24 19:25:12 DEBUG Train - Impulso total:0
12-02-24 19:25:12 DEBUG Train - Impulso total:0
12-02-24 19:25:12 DEBUG Train - Impulso total:0
12-02-24 19:25:13 DEBUG Train - Impulso total:0
12-02-24 19:25:13 DEBUG Train - Impulso total:0
12-02-24 19:25:13 DEBUG Train - Impulso total:0
12-02-24 19:25:13 DEBUG Train - Impulso total:0
12-02-24 19:25:13 DEBUG Train - Impulso total:0
12-02-24 19:25:13 DEBUG Train - Impulso total:0
12-02-24 19:25:13 DEBUG Train - Impulso total:0
12-02-24 19:25:13 DEBUG Train - Impulso total:0
12-02-24 19:25:13 DEBUG Train - Impulso total:0
12-02-24 19:25:13 DEBUG Train - Impulso total:0
12-02-24 19:25:13 DEBUG Train - Impulso total:0
12-02-24 19:25:13 DEBUG Train - Impulso total:0
12-02-24 19:25:13 DEBUG Train - Impulso total:0
12-02-24 19:25:13 DEBUG Train - Impulso total:0
12-02-24 19:25:13 DEBUG Train - Impulso total:0
12-02-24 19:25:13 DEBUG Train - Impulso total:0
12-02-24 19:25:13 DEBUG Train - Impulso total:0
12-02-24 19:25:13 DEBUG Train - Impulso total:0
12-02-24 19:25:13 DEBUG Train - Impulso total:0
12-02-24 19:25:13 DEBUG Train - Impulso total:0
12-02-24 19:25:14 DEBUG Train - Impulso total:0
12-02-24 19:25:14 DEBUG Train - Impulso total:0
12-02-24 19:25:14 DEBUG Train - Impulso total:0
12-02-24 19:25:14 DEBUG Train - Impulso total:0
12-02-24 19:25:14 DEBUG Train - Impulso total:0
12-02-24 19:25:14 DEBUG Train - Impulso total:0
12-02-24 19:25:14 DEBUG Train - Impulso total:0
12-02-24 19:25:14 DEBUG Train - Impulso total:0
12-02-24 19:25:14 DEBUG Train - Impulso total:0
12-02-24 19:25:14 DEBUG Train - Impulso total:0
12-02-24 19:25:14 DEBUG Train - Impulso total:0
12-02-24 19:25:14 DEBUG Train - Impulso total:0
12-02-24 19:25:14 DEBUG Train - Impulso total:0
12-02-24 19:25:14 DEBUG Train - Impulso total:0
12-02-24 19:25:14 DEBUG Train - Impulso total:0
12-02-24 19:25:14 DEBUG Train - Impulso total:0
12-02-24 19:25:14 DEBUG Train - Impulso total:0
12-02-24 19:25:14 DEBUG Train - Impulso total:0
12-02-24 19:25:14 DEBUG Train - Impulso total:0
12-02-24 19:25:14 DEBUG Train - Impulso total:0
12-02-24 19:25:15 DEBUG Train - Impulso total:0
12-02-24 19:25:15 DEBUG Train - Impulso total:0
12-02-24 19:25:15 DEBUG Train - Impulso total:0
12-02-24 19:25:15 DEBUG Train - Impulso total:0
12-02-24 19:25:15 DEBUG Train - Impulso total:0
12-02-24 19:25:15 DEBUG Train - Impulso total:0
12-02-24 19:25:15 DEBUG Train - Impulso total:0
12-02-24 19:25:15 DEBUG Train - Impulso total:0
12-02-24 19:25:15 DEBUG Train - Impulso total:0
12-02-24 19:25:15 DEBUG Train - Impulso total:0
12-02-24 19:25:15 DEBUG Train - Impulso total:0
12-02-24 19:25:15 DEBUG Train - Impulso total:0
12-02-24 19:25:15 DEBUG Train - Impulso total:0
12-02-24 19:25:15 DEBUG Train - Impulso total:0
12-02-24 19:25:15 DEBUG Train - Impulso total:0
12-02-24 19:25:15 DEBUG Train - Impulso total:0
12-02-24 19:25:15 DEBUG Train - Impulso total:0
12-02-24 19:25:15 DEBUG Train - Impulso total:0
12-02-24 19:25:15 DEBUG Train - Impulso total:0
12-02-24 19:25:15 DEBUG Train - Impulso total:0
12-02-24 19:25:16 DEBUG Train - Impulso total:0
12-02-24 19:25:16 DEBUG Train - Impulso total:0
12-02-24 19:25:16 DEBUG Train - Impulso total:0
12-02-24 19:25:16 DEBUG Train - Impulso total:1
12-02-24 19:25:16 DEBUG Train - Impulso total:0
12-02-24 19:25:16 DEBUG Train - Impulso total:2
12-02-24 19:25:16 DEBUG Train - Impulso total:0
12-02-24 19:25:16 DEBUG Train - Impulso total:3
12-02-24 19:25:16 DEBUG Train - Impulso total:0
12-02-24 19:25:16 DEBUG Train - Impulso total:4
12-02-24 19:25:16 DEBUG Train - Impulso total:0
12-02-24 19:25:16 DEBUG Train - Impulso total:5
12-02-24 19:25:16 DEBUG Train - Impulso total:0
12-02-24 19:25:16 DEBUG Train - Impulso total:6
12-02-24 19:25:16 DEBUG Train - Impulso total:0
12-02-24 19:25:16 DEBUG Train - Impulso total:7
12-02-24 19:25:16 DEBUG Train - Impulso total:0
12-02-24 19:25:16 DEBUG Train - Impulso total:9
12-02-24 19:25:16 DEBUG Train - Impulso total:0
12-02-24 19:25:16 DEBUG Train - Impulso total:11
12-02-24 19:25:16 DEBUG Train - Dir antes de from first: *
12-02-24 19:25:16 DEBUG Train - Dir después de from first: *
12-02-24 19:25:16 DEBUG Train - Crash from first
